{
  "stats": {
    "suites": 1,
    "tests": 1,
    "passes": 1,
    "pending": 0,
    "failures": 0,
    "start": "2024-09-30T21:03:37.033Z",
    "end": "2024-09-30T21:03:56.570Z",
    "duration": 19537,
    "testsRegistered": 1,
    "passPercent": 100,
    "pendingPercent": 0,
    "other": 0,
    "hasOther": false,
    "skipped": 0,
    "hasSkipped": false
  },
  "results": [
    {
      "uuid": "32aa1cc2-234a-4ca0-80f5-ada0ce5fd631",
      "title": "",
      "fullFile": "cypress\\e2e\\konga.cy.js",
      "file": "cypress\\e2e\\konga.cy.js",
      "beforeHooks": [],
      "afterHooks": [],
      "tests": [],
      "suites": [
        {
          "uuid": "39d51d3e-ee4b-4d99-8c6a-252ca4282eb8",
          "title": "Ecommerce checkout and assertions test",
          "fullFile": "",
          "file": "",
          "beforeHooks": [],
          "afterHooks": [],
          "tests": [
            {
              "title": "passes",
              "fullTitle": "Ecommerce checkout and assertions test passes",
              "timedOut": null,
              "duration": 15216,
              "state": "passed",
              "speed": "slow",
              "pass": true,
              "fail": false,
              "pending": false,
              "context": null,
              "code": "//visit the ecommerce website\ncy.visit('https://www.konga.com/');\ncy.url().should('eq', 'https://www.konga.com/'); // Assert correct URL\ncy.title().should('include', \"Buy Phones, Fashion, Electronics in Nigeria_Konga Online Shopping | Konga Online Shopping\"); // Assert the title of the webpage\ncy.wait(5000);\nconst checkoutObj = new _checkoutPage.default();\nconst item = 'television';\ncheckoutObj.makeVisible();\ncheckoutObj.enterItemName(item);\ncheckoutObj.clickSearchBtn();\ncy.wait(1000);\ncheckoutObj.resultCheck(); //assert that the search results are visible\ncheckoutObj.leastResult(); //assert that the responses from search are greater than 0\ncheckoutObj.addToCart();\ncheckoutObj.responseMsgCheck(); //assert the response message in the cart\ncheckoutObj.cartQtyCheck(); //assert the number of item in the cart\ncheckoutObj.clickCheckoutBtn();",
              "err": {},
              "uuid": "9beddd06-75fe-4a62-a8cf-bcc3058db28d",
              "parentUUID": "39d51d3e-ee4b-4d99-8c6a-252ca4282eb8",
              "isHook": false,
              "skipped": false
            }
          ],
          "suites": [],
          "passes": [
            "9beddd06-75fe-4a62-a8cf-bcc3058db28d"
          ],
          "failures": [],
          "pending": [],
          "skipped": [],
          "duration": 15216,
          "root": false,
          "rootEmpty": false,
          "_timeout": 2000
        }
      ],
      "passes": [],
      "failures": [],
      "pending": [],
      "skipped": [],
      "duration": 0,
      "root": true,
      "rootEmpty": true,
      "_timeout": 2000
    }
  ],
  "meta": {
    "mocha": {
      "version": "7.0.1"
    },
    "mochawesome": {
      "options": {
        "quiet": false,
        "reportFilename": "mochawesome",
        "saveHtml": false,
        "saveJson": true,
        "consoleReporter": "spec",
        "useInlineDiffs": false,
        "code": true
      },
      "version": "7.1.3"
    },
    "marge": {
      "options": {
        "reportDir": "cypress/reports/mochawesome",
        "overwrite": false,
        "html": false,
        "json": true
      },
      "version": "6.2.0"
    }
  }
}